/*C9*/SET SCHEMA PUBLIC
DISCONNECT
/*C10*/SET SCHEMA PUBLIC
DISCONNECT
/*C11*/SET SCHEMA PUBLIC
CREATE TABLE Produto (id INTEGER GENERATED BY DEFAULT AS IDENTITY PRIMARY KEY, nome VARCHAR(255), descricao VARCHAR(255))
INSERT INTO PRODUTO VALUES(1,'Geladeira','Geladeira duas portas')
COMMIT
INSERT INTO PRODUTO VALUES(2,'Ferro de passar','Ferro de passar roupa com vaporizador')
COMMIT
/*C12*/SET SCHEMA PUBLIC
DISCONNECT
/*C13*/SET SCHEMA PUBLIC
INSERT INTO PRODUTO VALUES(3,'Notebook','Notebook i5')
COMMIT
DISCONNECT
/*C14*/SET SCHEMA PUBLIC
INSERT INTO PRODUTO VALUES(4,'Notebook','Notebook i5')
COMMIT
DISCONNECT
/*C15*/SET SCHEMA PUBLIC
DELETE FROM PRODUTO WHERE ID=4
COMMIT
DISCONNECT
/*C16*/SET SCHEMA PUBLIC
DISCONNECT
/*C17*/SET SCHEMA PUBLIC
DISCONNECT
/*C18*/SET SCHEMA PUBLIC
INSERT INTO PRODUTO VALUES(5,'Note''i5','notebook''); delete from produto;')
COMMIT
DISCONNECT
/*C19*/SET SCHEMA PUBLIC
INSERT INTO PRODUTO VALUES(6,'TV LCD 32','TV LCD, 32 polegadas, tela plana')
COMMIT
INSERT INTO PRODUTO VALUES(7,'Blu-ray','Leitor de blu-rays, Full HDMI')
COMMIT
DISCONNECT
/*C20*/SET SCHEMA PUBLIC
INSERT INTO PRODUTO VALUES(8,'TV LCD 32','TV LCD, 32 polegadas, tela plana')
COMMIT
DISCONNECT
/*C21*/SET SCHEMA PUBLIC
INSERT INTO PRODUTO VALUES(9,'TV LCD 32','TV LCD, 32 polegadas, tela plana')
COMMIT
DISCONNECT
/*C22*/SET SCHEMA PUBLIC
DELETE FROM PRODUTO WHERE ID=5
DELETE FROM PRODUTO WHERE ID=6
DELETE FROM PRODUTO WHERE ID=7
DELETE FROM PRODUTO WHERE ID=8
DELETE FROM PRODUTO WHERE ID=9
COMMIT
DISCONNECT
/*C23*/SET SCHEMA PUBLIC
DISCONNECT
/*C24*/SET SCHEMA PUBLIC
DISCONNECT
/*C25*/SET SCHEMA PUBLIC
DISCONNECT
/*C26*/SET SCHEMA PUBLIC
DISCONNECT
/*C11*/DISCONNECT
